Loading weights:   0%|          | 0/223 [00:00<?, ?it/s]Loading weights: 100%|██████████| 223/223 [00:00<00:00, 55750.72it/s]
Loading weights:   0%|          | 0/231 [00:00<?, ?it/s]Loading weights: 100%|██████████| 231/231 [00:00<00:00, 12158.32it/s]
[1mSwinModel LOAD REPORT[0m from: C:\Users\qintian\Desktop\qintian\pretrained\swin_tiny
Key               | Status     |  | 
------------------+------------+--+-
classifier.weight | UNEXPECTED |  | 
classifier.bias   | UNEXPECTED |  | 

Notes:
- UNEXPECTED:	can be ignored when loading from different task/architecture; not ok if you expect identical arch.
GPU available: True (cuda), used: True
TPU available: False, using: 0 TPU cores
\U0001f4a1 Tip: For seamless cloud logging and experiment tracking, try installing [litlogger](https://pypi.org/project/litlogger/) to enable LitLogger, which logs metrics and artifacts automatically to the Lightning Experiments platform.
You are using a CUDA device ('NVIDIA GeForce RTX 4090') that has Tensor Cores. To properly utilize them, you should set `torch.set_float32_matmul_precision('medium' | 'high')` which will trade-off precision for performance. For more details, read https://pytorch.org/docs/stable/generated/torch.set_float32_matmul_precision.html#torch.set_float32_matmul_precision
D:\Anaconda\envs\qintian-rgbd\Lib\site-packages\lightning\pytorch\callbacks\model_checkpoint.py:881: Checkpoint directory C:\Users\qintian\Desktop\qintian\framework_download\checkpoints\dinov2_s_swin_t_hha_run01 exists and is not empty.
LOCAL_RANK: 0 - CUDA_VISIBLE_DEVICES: [0]
D:\Anaconda\envs\qintian-rgbd\Lib\site-packages\lightning\pytorch\trainer\connectors\data_connector.py:434: The 'val_dataloader' does not have many workers which may be a bottleneck. Consider increasing the value of the `num_workers` argument` to `num_workers=31` in the `DataLoader` to improve performance.
D:\Anaconda\envs\qintian-rgbd\Lib\site-packages\lightning\pytorch\trainer\connectors\data_connector.py:434: The 'train_dataloader' does not have many workers which may be a bottleneck. Consider increasing the value of the `num_workers` argument` to `num_workers=31` in the `DataLoader` to improve performance.
`Trainer.fit` stopped: `max_epochs=50` reached.
Traceback (most recent call last):
  File "D:\Anaconda\envs\qintian-rgbd\Lib\site-packages\lightning\pytorch\trainer\call.py", line 49, in _call_and_handle_interrupt
    return trainer_fn(*args, **kwargs)
           ^^^^^^^^^^^^^^^^^^^^^^^^^^^
  File "D:\Anaconda\envs\qintian-rgbd\Lib\site-packages\lightning\pytorch\trainer\trainer.py", line 630, in _fit_impl
    self._run(model, ckpt_path=ckpt_path, weights_only=weights_only)
  File "D:\Anaconda\envs\qintian-rgbd\Lib\site-packages\lightning\pytorch\trainer\trainer.py", line 1092, in _run
    call._call_teardown_hook(self)
  File "D:\Anaconda\envs\qintian-rgbd\Lib\site-packages\lightning\pytorch\trainer\call.py", line 139, in _call_teardown_hook
    _call_callback_hooks(trainer, "teardown", stage=fn)
  File "D:\Anaconda\envs\qintian-rgbd\Lib\site-packages\lightning\pytorch\trainer\call.py", line 228, in _call_callback_hooks
    fn(trainer, trainer.lightning_module, *args, **kwargs)
  File "D:\Anaconda\envs\qintian-rgbd\Lib\site-packages\lightning\pytorch\callbacks\progress\rich_progress.py", line 701, in teardown
    self._stop_progress()
  File "D:\Anaconda\envs\qintian-rgbd\Lib\site-packages\lightning\pytorch\callbacks\progress\rich_progress.py", line 668, in _stop_progress
    self.progress.stop()
  File "D:\Anaconda\envs\qintian-rgbd\Lib\site-packages\lightning\pytorch\callbacks\progress\rich_progress.py", line 106, in stop
    super().stop()
  File "D:\Anaconda\envs\qintian-rgbd\Lib\site-packages\rich\progress.py", line 1176, in stop
    self.live.stop()
  File "D:\Anaconda\envs\qintian-rgbd\Lib\site-packages\rich\live.py", line 162, in stop
    with self.console:
  File "D:\Anaconda\envs\qintian-rgbd\Lib\site-packages\rich\console.py", line 864, in __exit__
    self._exit_buffer()
  File "D:\Anaconda\envs\qintian-rgbd\Lib\site-packages\rich\console.py", line 820, in _exit_buffer
    self._check_buffer()
  File "D:\Anaconda\envs\qintian-rgbd\Lib\site-packages\rich\console.py", line 2055, in _check_buffer
    self._write_buffer()
  File "D:\Anaconda\envs\qintian-rgbd\Lib\site-packages\rich\console.py", line 2091, in _write_buffer
    legacy_windows_render(buffer, LegacyWindowsTerm(self.file))
  File "D:\Anaconda\envs\qintian-rgbd\Lib\site-packages\rich\_windows_renderer.py", line 17, in legacy_windows_render
    term.write_styled(text, style)
  File "D:\Anaconda\envs\qintian-rgbd\Lib\site-packages\rich\_win32_console.py", line 441, in write_styled
    self.write_text(text)
  File "D:\Anaconda\envs\qintian-rgbd\Lib\site-packages\rich\_win32_console.py", line 402, in write_text
    self.write(text)
UnicodeEncodeError: 'gbk' codec can't encode character '\u2022' in position 8: illegal multibyte sequence

During handling of the above exception, another exception occurred:

Traceback (most recent call last):
  File "C:\Users\qintian\Desktop\qintian\framework_download\train.py", line 142, in <module>
    main()
  File "C:\Users\qintian\Desktop\qintian\framework_download\train.py", line 133, in main
    trainer.fit(model, datamodule=datamodule)
  File "D:\Anaconda\envs\qintian-rgbd\Lib\site-packages\lightning\pytorch\trainer\trainer.py", line 584, in fit
    call._call_and_handle_interrupt(
  File "D:\Anaconda\envs\qintian-rgbd\Lib\site-packages\lightning\pytorch\trainer\call.py", line 69, in _call_and_handle_interrupt
    _interrupt(trainer, exception)
  File "D:\Anaconda\envs\qintian-rgbd\Lib\site-packages\lightning\pytorch\trainer\call.py", line 78, in _interrupt
    _call_callback_hooks(trainer, "on_exception", exception)
  File "D:\Anaconda\envs\qintian-rgbd\Lib\site-packages\lightning\pytorch\trainer\call.py", line 228, in _call_callback_hooks
    fn(trainer, trainer.lightning_module, *args, **kwargs)
  File "D:\Anaconda\envs\qintian-rgbd\Lib\site-packages\lightning\pytorch\callbacks\progress\rich_progress.py", line 710, in on_exception
    self._stop_progress()
  File "D:\Anaconda\envs\qintian-rgbd\Lib\site-packages\lightning\pytorch\callbacks\progress\rich_progress.py", line 668, in _stop_progress
    self.progress.stop()
  File "D:\Anaconda\envs\qintian-rgbd\Lib\site-packages\lightning\pytorch\callbacks\progress\rich_progress.py", line 106, in stop
    super().stop()
  File "D:\Anaconda\envs\qintian-rgbd\Lib\site-packages\rich\progress.py", line 1178, in stop
    self.console.print()
  File "D:\Anaconda\envs\qintian-rgbd\Lib\site-packages\rich\console.py", line 1704, in print
    with self:
  File "D:\Anaconda\envs\qintian-rgbd\Lib\site-packages\rich\console.py", line 864, in __exit__
    self._exit_buffer()
  File "D:\Anaconda\envs\qintian-rgbd\Lib\site-packages\rich\console.py", line 820, in _exit_buffer
    self._check_buffer()
  File "D:\Anaconda\envs\qintian-rgbd\Lib\site-packages\rich\console.py", line 2055, in _check_buffer
    self._write_buffer()
  File "D:\Anaconda\envs\qintian-rgbd\Lib\site-packages\rich\console.py", line 2091, in _write_buffer
    legacy_windows_render(buffer, LegacyWindowsTerm(self.file))
  File "D:\Anaconda\envs\qintian-rgbd\Lib\site-packages\rich\_windows_renderer.py", line 17, in legacy_windows_render
    term.write_styled(text, style)
  File "D:\Anaconda\envs\qintian-rgbd\Lib\site-packages\rich\_win32_console.py", line 441, in write_styled
    self.write_text(text)
  File "D:\Anaconda\envs\qintian-rgbd\Lib\site-packages\rich\_win32_console.py", line 402, in write_text
    self.write(text)
UnicodeEncodeError: 'gbk' codec can't encode character '\u2022' in position 8: illegal multibyte sequence
